<?xml version="1.0" encoding="UTF-8"?>
<!-- Generated by org.testng.reporters.JUnitXMLReporter -->
<testsuite ignored="2" hostname="DESKTOP-PPJFR82" failures="0" tests="1" name="Default test" time="16.725" errors="0" timestamp="2021-08-27T15:34:26 IST">
  <testcase classname="com.vtiger.contactstest.CreateContactTest" name="createContactWithoutMandatoryTest" time="7.091"/>
  <testcase classname="com.vtiger.contactstest.CreateContactTest" name="createContactWithReportsToTest" time="0.0">
    <ignored/>
  </testcase> <!-- createContactWithReportsToTest -->
  <testcase classname="com.vtiger.contactstest.CreateContactTest" name="createContactWithImageTest" time="0.0">
    <ignored/>
  </testcase> <!-- createContactWithImageTest -->
</testsuite> <!-- Default test -->
