<?xml version="1.0" encoding="UTF-8"?>
<!-- Generated by org.testng.reporters.JUnitXMLReporter -->
<testsuite ignored="0" hostname="DESKTOP-PPJFR82" failures="1" tests="3" name="Test" time="44.559" errors="0" timestamp="2021-08-26T11:02:00 IST">
  <testcase classname="com.vtiger.contactstest.CreateContactTest" name="createContactWithImageTest" time="10.461"/>
  <testcase classname="com.vtiger.contactstest.CreateContactTest" name="createContactWithReportsToTest" time="9.863">
    <failure type="java.lang.AssertionError" message="expected [false] but found [true]">
      <![CDATA[java.lang.AssertionError: expected [false] but found [true]
at com.vtiger.contactstest.CreateContactTest.createContactWithReportsToTest(CreateContactTest.java:40)
at java.base/java.util.ArrayList.forEach(ArrayList.java:1510)
... Removed 31 stack frames]]>
    </failure>
  </testcase> <!-- createContactWithReportsToTest -->
  <testcase classname="com.vtiger.contactstest.CreateContactTest" name="createContactWithoutMandatoryTest" time="6.765"/>
</testsuite> <!-- Test -->
