<?xml version="1.0" encoding="UTF-8"?>
<testng-results ignored="2" total="3" passed="1" failed="0" skipped="0">
  <reporter-output>
  </reporter-output>
  <suite started-at="2021-08-27T15:34:09 IST" name="Default suite" finished-at="2021-08-27T15:34:26 IST" duration-ms="16725">
    <groups>
      <group name="regressionTest">
        <method signature="CreateContactTest.createContactWithoutMandatoryTest()[pri:0, instance:com.vtiger.contactstest.CreateContactTest@48ae9b55]" name="createContactWithoutMandatoryTest" class="com.vtiger.contactstest.CreateContactTest"/>
      </group> <!-- regressionTest -->
    </groups>
    <test started-at="2021-08-27T15:34:09 IST" name="Default test" finished-at="2021-08-27T15:34:26 IST" duration-ms="16725">
      <class name="com.vtiger.contactstest.CreateContactTest">
        <test-method is-config="true" signature="configBC()[pri:0, instance:com.vtiger.contactstest.CreateContactTest@48ae9b55]" started-at="2021-08-27T15:34:09 IST" name="configBC" finished-at="2021-08-27T15:34:11 IST" duration-ms="2201" status="PASS">
          <reporter-output>
          </reporter-output>
        </test-method> <!-- configBC -->
        <test-method is-config="true" signature="configBM()[pri:0, instance:com.vtiger.contactstest.CreateContactTest@48ae9b55]" started-at="2021-08-27T15:34:11 IST" name="configBM" finished-at="2021-08-27T15:34:16 IST" duration-ms="5182" status="PASS">
          <reporter-output>
          </reporter-output>
        </test-method> <!-- configBM -->
        <test-method signature="createContactWithoutMandatoryTest()[pri:0, instance:com.vtiger.contactstest.CreateContactTest@48ae9b55]" started-at="2021-08-27T15:34:16 IST" name="createContactWithoutMandatoryTest" finished-at="2021-08-27T15:34:23 IST" duration-ms="7091" status="PASS">
          <reporter-output>
          </reporter-output>
        </test-method> <!-- createContactWithoutMandatoryTest -->
        <test-method is-config="true" signature="configAM()[pri:0, instance:com.vtiger.contactstest.CreateContactTest@48ae9b55]" started-at="2021-08-27T15:34:23 IST" name="configAM" finished-at="2021-08-27T15:34:25 IST" duration-ms="1395" status="PASS">
          <reporter-output>
          </reporter-output>
        </test-method> <!-- configAM -->
        <test-method is-config="true" signature="configAC()[pri:0, instance:com.vtiger.contactstest.CreateContactTest@48ae9b55]" started-at="2021-08-27T15:34:25 IST" name="configAC" finished-at="2021-08-27T15:34:26 IST" duration-ms="767" status="PASS">
          <reporter-output>
          </reporter-output>
        </test-method> <!-- configAC -->
      </class> <!-- com.vtiger.contactstest.CreateContactTest -->
    </test> <!-- Default test -->
  </suite> <!-- Default suite -->
</testng-results>
